2023-04-18 19:42:30 INFO  Log:15 - *********************
2023-04-18 19:42:30 INFO  Log:16 - *********************
2023-04-18 19:42:30 INFO  Log:17 - ***********This is the beginning of my Test case***********
2023-04-18 19:42:30 INFO  Log:27 - My Test case is being executed right now
2023-04-18 19:42:30 INFO  Log:31 - My Test case might have some trivial issues
2023-04-18 19:42:40 INFO  Log:27 - This Test case is about to get completed
2023-04-18 19:42:40 INFO  Log:21 - #####################
2023-04-18 19:42:40 INFO  Log:22 - #####################
2023-04-18 19:42:40 INFO  Log:23 - ###########This Test case is finished###########
2023-04-18 19:44:26 INFO  Log:15 - *********************
2023-04-18 19:44:27 INFO  Log:16 - *********************
2023-04-18 19:44:27 INFO  Log:17 - ***********This is the beginning of my Test case***********
2023-04-18 19:44:27 INFO  Log:27 - My Test case is being executed right now
2023-04-18 19:44:27 INFO  Log:31 - My Test case might have some trivial issues
2023-04-18 19:44:37 INFO  Log:27 - This Test case is about to get completed
2023-04-18 19:44:37 INFO  Log:21 - #####################
2023-04-18 19:44:37 INFO  Log:22 - #####################
2023-04-18 19:44:37 INFO  Log:23 - ###########This Test case is finished###########
2023-04-18 20:38:22 INFO  Log:15 - *********************
2023-04-18 20:38:22 INFO  Log:16 - *********************
2023-04-18 20:38:22 INFO  Log:17 - ***********This is the beginning of my Test case***********
2023-04-18 20:38:22 INFO  Log:27 - My Test case is being executed right now
2023-04-18 20:38:22 INFO  Log:31 - My Test case might have some trivial issues
2023-04-18 20:38:31 INFO  Log:27 - This Test case is about to get completed
2023-04-18 20:38:31 INFO  Log:21 - #####################
2023-04-18 20:38:31 INFO  Log:22 - #####################
2023-04-18 20:38:31 INFO  Log:23 - ###########This Test case is finished###########
2023-05-09 18:32:58 INFO  Log:15 - *********************
2023-05-09 18:32:58 INFO  Log:16 - *********************
2023-05-09 18:32:58 INFO  Log:17 - ***********This is the beginning of my Test case***********
2023-05-09 18:32:58 INFO  Log:27 - My Test case is being executed right now
2023-05-09 18:32:58 INFO  Log:31 - My Test case might have some trivial issues
2023-05-09 18:33:07 INFO  Log:27 - This Test case is about to get completed
2023-05-09 18:33:07 INFO  Log:21 - #####################
2023-05-09 18:33:07 INFO  Log:22 - #####################
2023-05-09 18:33:07 INFO  Log:23 - ###########This Test case is finished###########
2023-05-09 18:33:14 INFO  Log:15 - *********************
2023-05-09 18:33:14 INFO  Log:16 - *********************
2023-05-09 18:33:14 INFO  Log:17 - ***********This is the beginning of my Test case***********
2023-05-09 18:33:14 INFO  Log:27 - My Test case is being executed right now
2023-05-09 18:33:14 INFO  Log:31 - My Test case might have some trivial issues
2023-05-09 18:33:22 INFO  Log:27 - This Test case is about to get completed
2023-05-09 18:33:22 INFO  Log:21 - #####################
2023-05-09 18:33:22 INFO  Log:22 - #####################
2023-05-09 18:33:22 INFO  Log:23 - ###########This Test case is finished###########
2023-05-09 18:33:31 INFO  Log:15 - *********************
2023-05-09 18:33:31 INFO  Log:16 - *********************
2023-05-09 18:33:31 INFO  Log:17 - ***********This is the beginning of my Test case***********
2023-05-09 18:33:31 INFO  Log:27 - My Test case is being executed right now
2023-05-09 18:33:31 INFO  Log:31 - My Test case might have some trivial issues
2023-05-09 18:33:58 INFO  Log:27 - This Test case is about to get completed
2023-05-09 18:33:58 INFO  Log:21 - #####################
2023-05-09 18:33:58 INFO  Log:22 - #####################
2023-05-09 18:33:58 INFO  Log:23 - ###########This Test case is finished###########
2023-05-09 18:34:05 INFO  Log:15 - *********************
2023-05-09 18:34:05 INFO  Log:16 - *********************
2023-05-09 18:34:05 INFO  Log:17 - ***********This is the beginning of my Test case***********
2023-05-09 18:34:05 INFO  Log:27 - My Test case is being executed right now
2023-05-09 18:34:05 INFO  Log:31 - My Test case might have some trivial issues
2023-05-09 18:34:08 INFO  Log:27 - This Test case is about to get completed
2023-05-09 18:34:08 INFO  Log:21 - #####################
2023-05-09 18:34:08 INFO  Log:22 - #####################
2023-05-09 18:34:08 INFO  Log:23 - ###########This Test case is finished###########
2023-05-09 18:34:12 INFO  Log:15 - *********************
2023-05-09 18:34:12 INFO  Log:16 - *********************
2023-05-09 18:34:12 INFO  Log:17 - ***********This is the beginning of my Test case***********
2023-05-09 18:34:12 INFO  Log:27 - My Test case is being executed right now
2023-05-09 18:34:12 INFO  Log:31 - My Test case might have some trivial issues
2023-05-09 18:34:16 INFO  Log:27 - This Test case is about to get completed
2023-05-09 18:34:16 INFO  Log:21 - #####################
2023-05-09 18:34:16 INFO  Log:22 - #####################
2023-05-09 18:34:16 INFO  Log:23 - ###########This Test case is finished###########
2023-05-09 18:34:21 INFO  Log:15 - *********************
2023-05-09 18:34:21 INFO  Log:16 - *********************
2023-05-09 18:34:21 INFO  Log:17 - ***********This is the beginning of my Test case***********
2023-05-09 18:34:21 INFO  Log:27 - My Test case is being executed right now
2023-05-09 18:34:21 INFO  Log:31 - My Test case might have some trivial issues
2023-05-09 18:34:25 INFO  Log:27 - This Test case is about to get completed
2023-05-09 18:34:25 INFO  Log:21 - #####################
2023-05-09 18:34:25 INFO  Log:22 - #####################
2023-05-09 18:34:25 INFO  Log:23 - ###########This Test case is finished###########
2023-05-09 18:34:31 INFO  Log:15 - *********************
2023-05-09 18:34:31 INFO  Log:16 - *********************
2023-05-09 18:34:31 INFO  Log:17 - ***********This is the beginning of my Test case***********
2023-05-09 18:34:31 INFO  Log:27 - My Test case is being executed right now
2023-05-09 18:34:31 INFO  Log:31 - My Test case might have some trivial issues
2023-05-09 18:34:35 INFO  Log:27 - This Test case is about to get completed
2023-05-09 18:34:35 INFO  Log:21 - #####################
2023-05-09 18:34:35 INFO  Log:22 - #####################
2023-05-09 18:34:35 INFO  Log:23 - ###########This Test case is finished###########
2023-05-09 18:34:43 INFO  Log:15 - *********************
2023-05-09 18:34:43 INFO  Log:16 - *********************
2023-05-09 18:34:43 INFO  Log:17 - ***********This is the beginning of my Test case***********
2023-05-09 18:34:43 INFO  Log:27 - My Test case is being executed right now
2023-05-09 18:34:43 INFO  Log:31 - My Test case might have some trivial issues
2023-05-09 18:34:49 INFO  Log:27 - This Test case is about to get completed
2023-05-09 18:34:49 INFO  Log:21 - #####################
2023-05-09 18:34:49 INFO  Log:22 - #####################
2023-05-09 18:34:49 INFO  Log:23 - ###########This Test case is finished###########
2023-05-09 18:34:56 INFO  Log:15 - *********************
2023-05-09 18:34:56 INFO  Log:16 - *********************
2023-05-09 18:34:56 INFO  Log:17 - ***********This is the beginning of my Test case***********
2023-05-09 18:34:56 INFO  Log:27 - My Test case is being executed right now
2023-05-09 18:34:56 INFO  Log:31 - My Test case might have some trivial issues
2023-05-09 18:35:08 INFO  Log:27 - This Test case is about to get completed
2023-05-09 18:35:08 INFO  Log:21 - #####################
2023-05-09 18:35:08 INFO  Log:22 - #####################
2023-05-09 18:35:08 INFO  Log:23 - ###########This Test case is finished###########
2023-05-11 17:35:54 INFO  Log:15 - *********************
2023-05-11 17:35:54 INFO  Log:16 - *********************
2023-05-11 17:35:54 INFO  Log:17 - ***********This is the beginning of my Test case***********
2023-05-11 17:35:54 INFO  Log:27 - My Test case is being executed right now
2023-05-11 17:35:54 INFO  Log:31 - My Test case might have some trivial issues
2023-05-11 17:35:58 INFO  Log:27 - This Test case is about to get completed
2023-05-11 17:35:58 INFO  Log:21 - #####################
2023-05-11 17:35:58 INFO  Log:22 - #####################
2023-05-11 17:35:58 INFO  Log:23 - ###########This Test case is finished###########
2023-05-11 17:36:04 INFO  Log:15 - *********************
2023-05-11 17:36:04 INFO  Log:16 - *********************
2023-05-11 17:36:04 INFO  Log:17 - ***********This is the beginning of my Test case***********
2023-05-11 17:36:04 INFO  Log:27 - My Test case is being executed right now
2023-05-11 17:36:04 INFO  Log:31 - My Test case might have some trivial issues
2023-05-11 17:36:14 INFO  Log:27 - This Test case is about to get completed
2023-05-11 17:36:14 INFO  Log:21 - #####################
2023-05-11 17:36:14 INFO  Log:22 - #####################
2023-05-11 17:36:14 INFO  Log:23 - ###########This Test case is finished###########
2023-05-13 11:26:18 INFO  Log:15 - *********************
2023-05-13 11:26:18 INFO  Log:16 - *********************
2023-05-13 11:26:18 INFO  Log:17 - ***********This is the beginning of my Test case***********
2023-05-13 11:26:18 INFO  Log:27 - My Test case is being executed right now
2023-05-13 11:26:18 INFO  Log:31 - My Test case might have some trivial issues
2023-05-13 11:26:26 INFO  Log:27 - This Test case is about to get completed
2023-05-13 11:26:26 INFO  Log:21 - #####################
2023-05-13 11:26:26 INFO  Log:22 - #####################
2023-05-13 11:26:26 INFO  Log:23 - ###########This Test case is finished###########
2023-05-13 11:30:35 INFO  Log:15 - *********************
2023-05-13 11:30:35 INFO  Log:16 - *********************
2023-05-13 11:30:35 INFO  Log:17 - ***********This is the beginning of my Test case***********
2023-05-13 11:30:35 INFO  Log:27 - My Test case is being executed right now
2023-05-13 11:30:35 INFO  Log:31 - My Test case might have some trivial issues
2023-05-13 11:30:46 INFO  Log:27 - This Test case is about to get completed
2023-05-13 11:30:46 INFO  Log:21 - #####################
2023-05-13 11:30:46 INFO  Log:22 - #####################
2023-05-13 11:30:46 INFO  Log:23 - ###########This Test case is finished###########
2023-05-13 11:35:48 INFO  Log:15 - *********************
2023-05-13 11:35:48 INFO  Log:16 - *********************
2023-05-13 11:35:48 INFO  Log:17 - ***********This is the beginning of my Test case***********
2023-05-13 11:35:48 INFO  Log:27 - My Test case is being executed right now
2023-05-13 11:35:48 INFO  Log:31 - My Test case might have some trivial issues
2023-05-13 11:38:25 INFO  Log:15 - *********************
2023-05-13 11:38:25 INFO  Log:16 - *********************
2023-05-13 11:38:25 INFO  Log:17 - ***********This is the beginning of my Test case***********
2023-05-13 11:38:25 INFO  Log:27 - My Test case is being executed right now
2023-05-13 11:38:25 INFO  Log:31 - My Test case might have some trivial issues
2023-05-13 11:38:33 INFO  Log:27 - This Test case is about to get completed
2023-05-13 11:38:33 INFO  Log:21 - #####################
2023-05-13 11:38:33 INFO  Log:22 - #####################
2023-05-13 11:38:33 INFO  Log:23 - ###########This Test case is finished###########
2023-06-02 19:43:14 INFO  Log:15 - *********************
2023-06-02 19:43:14 INFO  Log:16 - *********************
2023-06-02 19:43:14 INFO  Log:17 - ***********This is the beginning of my Test case***********
2023-06-02 19:43:14 INFO  Log:27 - My Test case is being executed right now
2023-06-02 19:43:14 INFO  Log:31 - My Test case might have some trivial issues
2023-06-02 19:43:17 INFO  Log:27 - This Test case is about to get completed
2023-06-02 19:43:17 INFO  Log:21 - #####################
2023-06-02 19:43:17 INFO  Log:22 - #####################
2023-06-02 19:43:17 INFO  Log:23 - ###########This Test case is finished###########
